2026-03-20 09:49:21,896 [INFO] Activator:176 - 


2026-03-20 09:49:21,902 [INFO] Activator:177 - !SESSION log4j initialized
2026-03-20 09:49:27,411 [INFO] LogOutputStream:77 - [STDOUT_REDIRECT] 
2026-03-20 09:50:01,388 [INFO] LogOutputStream:77 - [STDOUT_REDIRECT] Error:  Could not parse XML contribution for "com.st.stm32cube.ide.mpu.linkerdb/". Any contributed extensions and extension points will be ignored.
2026-03-20 09:50:01,409 [INFO] LogOutputStream:77 - [STDOUT_REDIRECT] Error:  Could not parse XML contribution for "com.st.stm32cube.ide.mpu.productdb.debug/". Any contributed extensions and extension points will be ignored.
2026-03-20 09:50:01,425 [INFO] LogOutputStream:77 - [STDOUT_REDIRECT] Error:  Could not parse XML contribution for "com.st.stm32cube.ide.mpu.resources.common/". Any contributed extensions and extension points will be ignored.
2026-03-20 09:50:01,429 [INFO] LogOutputStream:77 - [STDOUT_REDIRECT] Error:  Could not parse XML contribution for "com.st.stm32cube.ide.mpu.resources.extended/". Any contributed extensions and extension points will be ignored.
2026-03-20 09:50:01,433 [INFO] LogOutputStream:77 - [STDOUT_REDIRECT] Error:  Could not parse XML contribution for "com.st.stm32cube.ide.mpu.startup/". Any contributed extensions and extension points will be ignored.
2026-03-20 09:50:01,492 [INFO] LogOutputStream:77 - [STDOUT_REDIRECT] Error:  Could not parse XML contribution for "com.st.stm32cube.ide.mcu.externaltools.cmake.win32/". Any contributed extensions and extension points will be ignored.
2026-03-20 09:50:01,498 [INFO] LogOutputStream:77 - [STDOUT_REDIRECT] Error:  Could not parse XML contribution for "com.st.stm32cube.ide.mcu.externaltools.cubeprogrammer.win32/". Any contributed extensions and extension points will be ignored.
2026-03-20 09:50:01,506 [INFO] LogOutputStream:77 - [STDOUT_REDIRECT] Error:  Could not parse XML contribution for "com.st.stm32cube.ide.mcu.externaltools.gnu-tools-for-stm32.14.3.rel1.win32/". Any contributed extensions and extension points will be ignored.
2026-03-20 09:50:01,513 [INFO] LogOutputStream:77 - [STDOUT_REDIRECT] Error:  Could not parse XML contribution for "com.st.stm32cube.ide.mcu.externaltools.make.win32/". Any contributed extensions and extension points will be ignored.
2026-03-20 09:50:01,519 [INFO] LogOutputStream:77 - [STDOUT_REDIRECT] Error:  Could not parse XML contribution for "com.st.stm32cube.ide.common.services/". Any contributed extensions and extension points will be ignored.
2026-03-20 09:50:01,546 [INFO] LogOutputStream:77 - [STDOUT_REDIRECT] Error:  Could not parse XML contribution for "com.st.stm32cube.ide.mcu.externaltools.ninja.win32/". Any contributed extensions and extension points will be ignored.
2026-03-20 09:50:01,549 [INFO] LogOutputStream:77 - [STDOUT_REDIRECT] Error:  Could not parse XML contribution for "com.st.stm32cube.ide.common.services.mx/". Any contributed extensions and extension points will be ignored.
2026-03-20 09:50:01,555 [INFO] LogOutputStream:77 - [STDOUT_REDIRECT] Error:  Could not parse XML contribution for "com.st.stm32cube.ide.mcu.linker/". Any contributed extensions and extension points will be ignored.
2026-03-20 09:50:01,559 [INFO] LogOutputStream:77 - [STDOUT_REDIRECT] Error:  Could not parse XML contribution for "com.st.stm32cube.ide.documentation/". Any contributed extensions and extension points will be ignored.
2026-03-20 09:50:01,563 [INFO] LogOutputStream:77 - [STDOUT_REDIRECT] Error:  Could not parse XML contribution for "com.st.stm32cube.ide.mcu.externaltools.openocd.win32/". Any contributed extensions and extension points will be ignored.
2026-03-20 09:50:01,565 [INFO] LogOutputStream:77 - [STDOUT_REDIRECT] Error:  Could not parse XML contribution for "com.st.stm32cube.ide.mcu.linkerdb/". Any contributed extensions and extension points will be ignored.
2026-03-20 09:50:01,574 [INFO] LogOutputStream:77 - [STDOUT_REDIRECT] Error:  Could not parse XML contribution for "com.st.stm32cube.ide.mcu.externaltools.rtosproxy.win32/". Any contributed extensions and extension points will be ignored.
2026-03-20 09:50:01,578 [INFO] LogOutputStream:77 - [STDOUT_REDIRECT] Error:  Could not parse XML contribution for "com.st.stm32cube.ide.mcu.productdb/". Any contributed extensions and extension points will be ignored.
2026-03-20 09:50:01,581 [INFO] LogOutputStream:77 - [STDOUT_REDIRECT] Error:  Could not parse XML contribution for "com.st.stm32cube.ide.mcu.externaltools.stlink-gdb-server.win32/". Any contributed extensions and extension points will be ignored.
2026-03-20 09:50:01,585 [INFO] LogOutputStream:77 - [STDOUT_REDIRECT] Error:  Could not parse XML contribution for "com.st.stm32cube.ide.mcu.productdb.debug/". Any contributed extensions and extension points will be ignored.
2026-03-20 09:50:01,600 [INFO] LogOutputStream:77 - [STDOUT_REDIRECT] Error:  Could not parse XML contribution for "com.st.stm32cube.ide.mcu.resources.common/". Any contributed extensions and extension points will be ignored.
2026-03-20 09:50:01,607 [INFO] LogOutputStream:77 - [STDOUT_REDIRECT] Error:  Could not parse XML contribution for "com.st.stm32cube.ide.mcu.resources.extended/". Any contributed extensions and extension points will be ignored.
2026-03-20 09:50:01,630 [INFO] LogOutputStream:77 - [STDOUT_REDIRECT] Error:  Could not parse XML contribution for "com.st.stm32cube.ide.mpu.debug.openocd/". Any contributed extensions and extension points will be ignored.
2026-03-20 09:50:01,635 [INFO] LogOutputStream:77 - [STDOUT_REDIRECT] Error:  Could not parse XML contribution for "com.st.stm32cube.ide.mpu.linker/". Any contributed extensions and extension points will be ignored.
2026-03-20 09:50:16,107 [ERROR] LogOutputStream:75 - [STDERR_REDIRECT] Exception in thread "Thread-36" java.lang.NoClassDefFoundError: org/mandas/docker/client/builder/jersey/JerseyDockerClientBuilder
2026-03-20 09:50:16,109 [ERROR] LogOutputStream:75 - [STDERR_REDIRECT] 	at org.eclipse.linuxtools.internal.docker.core.DockerClientFactory.getClient(DockerClientFactory.java:72)
2026-03-20 09:50:16,110 [ERROR] LogOutputStream:75 - [STDERR_REDIRECT] 	at org.eclipse.linuxtools.internal.docker.core.DockerClientFactory.getClient(DockerClientFactory.java:53)
2026-03-20 09:50:16,111 [ERROR] LogOutputStream:75 - [STDERR_REDIRECT] 	at org.eclipse.linuxtools.internal.docker.core.DockerConnection.open(DockerConnection.java:273)
2026-03-20 09:50:16,114 [ERROR] LogOutputStream:75 - [STDERR_REDIRECT] 	at org.eclipse.linuxtools.internal.docker.core.DefaultTCPConnectionSettingsProvider.getConnectionSettings(DefaultTCPConnectionSettingsProvider.java:32)
2026-03-20 09:50:16,116 [ERROR] LogOutputStream:75 - [STDERR_REDIRECT] 	at org.eclipse.linuxtools.internal.docker.core.DefaultDockerConnectionSettingsFinder.getKnownConnectionSettings(DefaultDockerConnectionSettingsFinder.java:210)
2026-03-20 09:50:16,118 [ERROR] LogOutputStream:75 - [STDERR_REDIRECT] 	at org.eclipse.linuxtools.docker.core.DockerConnectionManager.lambda$reloadConnections$0(DockerConnectionManager.java:64)
2026-03-20 09:50:16,119 [ERROR] LogOutputStream:75 - [STDERR_REDIRECT] 	at java.base/java.lang.Thread.run(Thread.java:1583)
2026-03-20 09:50:16,122 [ERROR] LogOutputStream:75 - [STDERR_REDIRECT] Caused by: java.lang.ClassNotFoundException: org.mandas.docker.client.builder.jersey.JerseyDockerClientBuilder cannot be found by org.eclipse.linuxtools.docker.core_5.16.0.202409032037
2026-03-20 09:50:16,123 [ERROR] LogOutputStream:75 - [STDERR_REDIRECT] 	at org.eclipse.osgi.internal.loader.BundleLoader.generateException(BundleLoader.java:562)
2026-03-20 09:50:16,125 [ERROR] LogOutputStream:75 - [STDERR_REDIRECT] 	at org.eclipse.osgi.internal.loader.BundleLoader.findClass0(BundleLoader.java:557)
2026-03-20 09:50:16,127 [ERROR] LogOutputStream:75 - [STDERR_REDIRECT] 	at org.eclipse.osgi.internal.loader.BundleLoader.findClass(BundleLoader.java:434)
2026-03-20 09:50:16,128 [ERROR] LogOutputStream:75 - [STDERR_REDIRECT] 	at org.eclipse.osgi.internal.loader.ModuleClassLoader.loadClass(ModuleClassLoader.java:174)
2026-03-20 09:50:16,129 [ERROR] LogOutputStream:75 - [STDERR_REDIRECT] 	at java.base/java.lang.ClassLoader.loadClass(ClassLoader.java:526)
2026-03-20 09:50:16,129 [ERROR] LogOutputStream:75 - [STDERR_REDIRECT] 	... 7 more
